INFO 2025-03-25 21:58:04,041 autoreload 2624 16280 Watching for file changes with StatReloader
INFO 2025-03-25 21:58:54,035 autoreload 2624 16280 C:\Users\anshu\OneDrive\Desktop\Django\e_waste_backend\api\views.py changed, reloading.
INFO 2025-03-25 21:58:54,558 autoreload 15188 8180 Watching for file changes with StatReloader
INFO 2025-03-25 21:58:59,364 autoreload 15188 8180 C:\Users\anshu\OneDrive\Desktop\Django\e_waste_backend\e_waste_backend\settings.py changed, reloading.
INFO 2025-03-25 21:58:59,918 autoreload 16380 16704 Watching for file changes with StatReloader
INFO 2025-03-25 21:59:02,581 autoreload 16380 16704 C:\Users\anshu\OneDrive\Desktop\Django\e_waste_backend\e_waste_backend\settings.py changed, reloading.
INFO 2025-03-25 21:59:03,126 autoreload 14504 5108 Watching for file changes with StatReloader
INFO 2025-03-25 21:59:16,530 autoreload 14504 5108 C:\Users\anshu\OneDrive\Desktop\Django\e_waste_backend\e_waste_backend\settings.py changed, reloading.
INFO 2025-03-25 21:59:17,021 autoreload 14448 11012 Watching for file changes with StatReloader
INFO 2025-03-25 21:59:26,520 basehttp 14448 12740 "GET /api/ HTTP/1.1" 200 5583
INFO 2025-03-25 21:59:31,016 basehttp 14448 12740 "GET / HTTP/1.1" 302 0
INFO 2025-03-25 21:59:31,052 basehttp 14448 12740 "GET /api/ HTTP/1.1" 200 5583
INFO 2025-03-25 21:59:34,972 basehttp 14448 12740 "GET /api/users/ HTTP/1.1" 200 11714
INFO 2025-03-25 22:00:45,069 autoreload 14448 11012 C:\Users\anshu\OneDrive\Desktop\Django\e_waste_backend\api\views.py changed, reloading.
INFO 2025-03-25 22:00:45,563 autoreload 4348 192 Watching for file changes with StatReloader
INFO 2025-03-25 22:01:24,709 autoreload 4348 192 C:\Users\anshu\OneDrive\Desktop\Django\e_waste_backend\api\exceptions.py changed, reloading.
INFO 2025-03-25 22:01:25,231 autoreload 17196 10644 Watching for file changes with StatReloader
ERROR 2025-03-25 22:02:38,582 exceptions 17196 5680 API Error: Http404 - No User matches the given query.
WARNING 2025-03-25 22:02:38,607 log 17196 5680 Not Found: /api/users/999/
WARNING 2025-03-25 22:02:38,608 basehttp 17196 5680 "GET /api/users/999/ HTTP/1.1" 404 10742
INFO 2025-03-25 22:02:38,697 basehttp 17196 5680 "GET /static/rest_framework/css/bootstrap.min.css HTTP/1.1" 200 121457
INFO 2025-03-25 22:02:38,698 basehttp 17196 14612 "GET /static/rest_framework/css/bootstrap-tweaks.css HTTP/1.1" 200 3426
INFO 2025-03-25 22:02:38,699 basehttp 17196 5680 "GET /static/rest_framework/css/prettify.css HTTP/1.1" 200 817
INFO 2025-03-25 22:02:38,700 basehttp 17196 14612 "GET /static/rest_framework/css/default.css HTTP/1.1" 200 1152
INFO 2025-03-25 22:02:38,702 basehttp 17196 14612 "GET /static/rest_framework/js/ajax-form.js HTTP/1.1" 200 3796
INFO 2025-03-25 22:02:38,704 basehttp 17196 5680 "GET /static/rest_framework/js/jquery-3.7.1.min.js HTTP/1.1" 200 87533
INFO 2025-03-25 22:02:38,706 basehttp 17196 14612 "GET /static/rest_framework/js/csrf.js HTTP/1.1" 200 1793
INFO 2025-03-25 22:02:38,707 basehttp 17196 5680 "GET /static/rest_framework/js/bootstrap.min.js HTTP/1.1" 200 39680
INFO 2025-03-25 22:02:38,708 basehttp 17196 14612 "GET /static/rest_framework/js/prettify-min.js HTTP/1.1" 200 13632
INFO 2025-03-25 22:02:38,709 basehttp 17196 5680 "GET /static/rest_framework/js/default.js HTTP/1.1" 200 1268
INFO 2025-03-25 22:02:38,710 basehttp 17196 14612 "GET /static/rest_framework/js/load-ajax-form.js HTTP/1.1" 200 59
INFO 2025-03-25 22:02:38,712 basehttp 17196 5680 "GET /static/rest_framework/img/grid.png HTTP/1.1" 200 1458
WARNING 2025-03-25 22:02:38,772 log 17196 5680 Not Found: /favicon.ico
WARNING 2025-03-25 22:02:38,773 basehttp 17196 5680 "GET /favicon.ico HTTP/1.1" 404 3207
